<?xml version="1.0" encoding="UTF-8"?>
<!-- Generated by org.testng.reporters.JUnitXMLReporter -->
<testsuite ignored="0" hostname="DESKTOP-KKCKK7S" failures="2" tests="2" name="newcustomerTest" time="3.48" errors="0" timestamp="2021-06-15T20:33:33 BST">
  <testcase classname="com.guru99bank.tests.Newcustomespagetest" name="newcustomeraddresstest" time="0.0">
    <failure type="org.testng.TestNGException" message="
Cannot inject @Test annotated Method [newcustomeraddresstest] with [class java.lang.String, class java.lang.String].
For more information on native dependency injection please refer to https://testng.org/doc/documentation-main.html#native-dependency-injection">
      <![CDATA[org.testng.TestNGException: 
Cannot inject @Test annotated Method [newcustomeraddresstest] with [class java.lang.String, class java.lang.String].
For more information on native dependency injection please refer to https://testng.org/doc/documentation-main.html#native-dependency-injection
at java.base/java.util.ArrayList.forEach(ArrayList.java:1511)
... Removed 26 stack frames]]>
    </failure>
  </testcase> <!-- newcustomeraddresstest -->
  <testcase classname="com.guru99bank.tests.Newcustomespagetest" name="newcustomernametest" time="0.0">
    <failure type="org.testng.TestNGException" message="
Cannot inject @Test annotated Method [newcustomernametest] with [class java.lang.String, class java.lang.String].
For more information on native dependency injection please refer to https://testng.org/doc/documentation-main.html#native-dependency-injection">
      <![CDATA[org.testng.TestNGException: 
Cannot inject @Test annotated Method [newcustomernametest] with [class java.lang.String, class java.lang.String].
For more information on native dependency injection please refer to https://testng.org/doc/documentation-main.html#native-dependency-injection
at java.base/java.util.ArrayList.forEach(ArrayList.java:1511)
... Removed 26 stack frames]]>
    </failure>
  </testcase> <!-- newcustomernametest -->
</testsuite> <!-- newcustomerTest -->
